2025-02-04 17:17:28,359 CRIT Supervisor is running as root.  Privileges were not dropped because no user is specified in the config file.  If you intend to run as root, you can set user=root in the config file to avoid this message.
2025-02-04 17:17:28,370 INFO supervisord started with pid 1
2025-02-04 17:17:29,376 INFO spawned: 'php-fpm' with pid 7
2025-02-04 17:17:29,380 INFO spawned: 'scheduler' with pid 8
2025-02-04 17:17:30,540 INFO success: php-fpm entered RUNNING state, process has stayed up for > than 1 seconds (startsecs)
2025-02-04 17:17:30,541 INFO success: scheduler entered RUNNING state, process has stayed up for > than 1 seconds (startsecs)
2025-02-04 17:33:23,064 WARN received SIGQUIT indicating exit request
2025-02-04 17:33:23,066 INFO waiting for php-fpm, scheduler to die
2025-02-04 17:33:23,072 WARN stopped: scheduler (terminated by SIGTERM)
2025-02-04 17:33:23,091 INFO stopped: php-fpm (exit status 0)
2025-02-04 17:34:52,738 CRIT Supervisor is running as root.  Privileges were not dropped because no user is specified in the config file.  If you intend to run as root, you can set user=root in the config file to avoid this message.
2025-02-04 17:34:52,763 INFO supervisord started with pid 1
2025-02-04 17:34:53,774 INFO spawned: 'php-fpm' with pid 8
2025-02-04 17:34:53,780 INFO spawned: 'scheduler' with pid 9
2025-02-04 17:34:54,905 INFO success: php-fpm entered RUNNING state, process has stayed up for > than 1 seconds (startsecs)
2025-02-04 17:34:54,906 INFO success: scheduler entered RUNNING state, process has stayed up for > than 1 seconds (startsecs)
2025-02-04 17:38:26,104 WARN received SIGQUIT indicating exit request
2025-02-04 17:38:26,105 INFO waiting for php-fpm, scheduler to die
2025-02-04 17:38:26,111 WARN stopped: scheduler (terminated by SIGTERM)
2025-02-04 17:38:26,124 INFO stopped: php-fpm (exit status 0)
2025-02-04 17:38:46,173 CRIT Supervisor is running as root.  Privileges were not dropped because no user is specified in the config file.  If you intend to run as root, you can set user=root in the config file to avoid this message.
2025-02-04 17:38:46,198 INFO supervisord started with pid 1
2025-02-04 17:38:47,211 INFO spawned: 'php-fpm' with pid 7
2025-02-04 17:38:47,220 INFO spawned: 'scheduler' with pid 8
2025-02-04 17:38:48,375 INFO success: php-fpm entered RUNNING state, process has stayed up for > than 1 seconds (startsecs)
2025-02-04 17:38:48,375 INFO success: scheduler entered RUNNING state, process has stayed up for > than 1 seconds (startsecs)
2025-02-04 17:47:18,030 WARN received SIGQUIT indicating exit request
2025-02-04 17:47:18,030 INFO waiting for php-fpm, scheduler to die
2025-02-04 17:47:18,033 WARN stopped: scheduler (terminated by SIGTERM)
2025-02-04 17:47:18,039 INFO stopped: php-fpm (exit status 0)
2025-02-05 01:48:22,322 CRIT Supervisor is running as root.  Privileges were not dropped because no user is specified in the config file.  If you intend to run as root, you can set user=root in the config file to avoid this message.
2025-02-05 01:48:22,323 WARN No file matches via include "/etc/supervisor/conf.d/*.conf"
2025-02-05 01:48:22,331 INFO supervisord started with pid 1
2025-02-05 01:48:23,337 INFO spawned: 'php-fpm' with pid 8
2025-02-05 01:48:23,346 INFO spawned: 'scheduler' with pid 9
2025-02-05 01:48:24,586 INFO success: php-fpm entered RUNNING state, process has stayed up for > than 1 seconds (startsecs)
2025-02-05 01:48:24,593 INFO success: scheduler entered RUNNING state, process has stayed up for > than 1 seconds (startsecs)
2025-02-05 01:55:51,582 WARN received SIGQUIT indicating exit request
2025-02-05 01:55:51,583 INFO waiting for php-fpm, scheduler to die
2025-02-05 01:55:51,588 WARN stopped: scheduler (terminated by SIGTERM)
2025-02-05 01:55:51,603 INFO stopped: php-fpm (exit status 0)
